<?xml version="1.0" encoding="UTF-8"?>
<testsuite xmlns:xsi="http://www.w3.org/2001/XMLSchema-instance" xsi:noNamespaceSchemaLocation="https://maven.apache.org/surefire/maven-surefire-plugin/xsd/surefire-test-report-3.0.xsd" version="3.0" name="runners.RunnerClass" time="105.4" tests="1" errors="0" skipped="0" failures="0">
  <properties>
[...]
</properties>
  <testcase name="Adding multiple employees from excel file" classname="add employee scenario" time="104.0">
    <system-out><![CDATA[
@excel
Scenario: Adding multiple employees from excel file                           &amp#27;[90m# src/test/resources/features/AddEmployee.feature:47&amp#27;[0m
  &amp#27;[32mWhen &amp#27;[0m&amp#27;[32muser enters admin username and password&amp#27;[0m                                &amp#27;[90m# steps.LoginSteps.user_enters_admin_username_and_password()&amp#27;[0m
  &amp#27;[32mAnd &amp#27;[0m&amp#27;[32muser clicks on login button&amp#27;[0m                                             &amp#27;[90m# steps.LoginSteps.user_clicks_on_login_button()&amp#27;[0m
  &amp#27;[32mThen &amp#27;[0m&amp#27;[32muser is successfully logged in&amp#27;[0m                                         &amp#27;[90m# steps.LoginSteps.user_is_successfully_logged_in()&amp#27;[0m
  &amp#27;[32mWhen &amp#27;[0m&amp#27;[32muser clicks on PIM option&amp#27;[0m                                              &amp#27;[90m# steps.EmployeeSearchSteps.user_clicks_on_pim_option()&amp#27;[0m
  &amp#27;[32mAnd &amp#27;[0m&amp#27;[32muser clicks on add employee option&amp#27;[0m                                      &amp#27;[90m# steps.AddEmployeeSteps.user_clicks_on_add_employee_option()&amp#27;[0m
12353385 nafiseh ms saif
12353385 nafiseh ms saif
70314472 raihana ms adrian
70314472 raihana ms adrian
  &amp#27;[32mWhen &amp#27;[0m&amp#27;[32muser adds multiple employees from excel using &amp#27;[0m&amp#27;[32m&amp#27;[1m"Sheet1"&amp#27;[0m&amp#27;[32m and verify them&amp#27;[0m &amp#27;[90m# steps.AddEmployeeSteps.user_adds_multiple_employees_from_excel_using_and_verify_them(java.lang.String)&amp#27;[0m

    Embedding Adding multiple employees from excel file [image/png 71118 bytes]

]]></system-out>
    <system-err><![CDATA[SLF4J: Failed to load class "org.slf4j.impl.StaticLoggerBinder".
SLF4J: Defaulting to no-operation (NOP) logger implementation
SLF4J: See http://www.slf4j.org/codes.html#StaticLoggerBinder for further details.
Oct 26, 2023 6:01:02 AM org.openqa.selenium.devtools.CdpVersionFinder findNearestMatch
WARNING: Unable to find an exact match for CDP version 118, so returning the closest version found: 115
]]></system-err>
  </testcase>
</testsuite>